  [1m[36m (87.3ms)[0m  [1mCREATE TABLE `schema_migrations` (`version` varchar(255) NOT NULL) ENGINE=InnoDB[0m
  [1m[35m (200.7ms)[0m  CREATE UNIQUE INDEX `unique_schema_migrations`  ON `schema_migrations` (`version`) 
  [1m[36mActiveRecord::SchemaMigration Load (0.3ms)[0m  [1mSELECT `schema_migrations`.* FROM `schema_migrations`[0m
Migrating to CreateRestaurants (20161018191515)
  [1m[35m (141.8ms)[0m  CREATE TABLE `restaurants` (`id` int(11) auto_increment PRIMARY KEY, `name` varchar(255), `created_at` datetime NOT NULL, `updated_at` datetime NOT NULL) ENGINE=InnoDB
  [1m[36m (0.3ms)[0m  [1mBEGIN[0m
  [1m[35mSQL (0.4ms)[0m  INSERT INTO `schema_migrations` (`version`) VALUES ('20161018191515')
  [1m[36m (0.6ms)[0m  [1mCOMMIT[0m
Migrating to CreateEmployees (20161018191619)
  [1m[35m (133.5ms)[0m  CREATE TABLE `employees` (`id` int(11) auto_increment PRIMARY KEY, `first_name` varchar(255), `last_name` varchar(255), `profile_picture` varchar(255), `email` varchar(255), `username` varchar(255), `password` varchar(255), `restaurant_id` int(11), `created_at` datetime NOT NULL, `updated_at` datetime NOT NULL,  INDEX `index_employees_on_restaurant_id`  (`restaurant_id`) ) ENGINE=InnoDB
  [1m[36m (152.3ms)[0m  [1mALTER TABLE `employees` ADD CONSTRAINT `fk_rails_49811d7840`
FOREIGN KEY (`restaurant_id`)
  REFERENCES `restaurants` (`id`)
[0m
  [1m[35m (0.2ms)[0m  BEGIN
  [1m[36mSQL (0.2ms)[0m  [1mINSERT INTO `schema_migrations` (`version`) VALUES ('20161018191619')[0m
  [1m[35m (0.6ms)[0m  COMMIT
  [1m[36mActiveRecord::SchemaMigration Load (0.3ms)[0m  [1mSELECT `schema_migrations`.* FROM `schema_migrations`[0m
  [1m[35m (0.3ms)[0m  SELECT fk.referenced_table_name as 'to_table'
      ,fk.referenced_column_name as 'primary_key'
      ,fk.column_name as 'column'
      ,fk.constraint_name as 'name'
FROM information_schema.key_column_usage fk
WHERE fk.referenced_column_name is not null
  AND fk.table_schema = 'eldonenlinea_io_development'
  AND fk.table_name = 'employees'

  [1m[36m (0.2ms)[0m  [1mSHOW CREATE TABLE `employees`[0m
  [1m[35m (0.3ms)[0m  SELECT fk.referenced_table_name as 'to_table'
      ,fk.referenced_column_name as 'primary_key'
      ,fk.column_name as 'column'
      ,fk.constraint_name as 'name'
FROM information_schema.key_column_usage fk
WHERE fk.referenced_column_name is not null
  AND fk.table_schema = 'eldonenlinea_io_development'
  AND fk.table_name = 'restaurants'

  [1m[36m (0.2ms)[0m  [1mSHOW CREATE TABLE `restaurants`[0m
  [1m[36mActiveRecord::SchemaMigration Load (0.5ms)[0m  [1mSELECT `schema_migrations`.* FROM `schema_migrations`[0m
Migrating to CreateCustomers (20161018191748)
  [1m[35m (110.2ms)[0m  CREATE TABLE `customers` (`id` int(11) auto_increment PRIMARY KEY, `first_name` varchar(255), `last_name` varchar(255), `email` varchar(255), `created_at` datetime NOT NULL, `updated_at` datetime NOT NULL) ENGINE=InnoDB
  [1m[36m (0.2ms)[0m  [1mBEGIN[0m
  [1m[35mSQL (0.3ms)[0m  INSERT INTO `schema_migrations` (`version`) VALUES ('20161018191748')
  [1m[36m (0.7ms)[0m  [1mCOMMIT[0m
  [1m[35mActiveRecord::SchemaMigration Load (0.2ms)[0m  SELECT `schema_migrations`.* FROM `schema_migrations`
  [1m[36m (0.2ms)[0m  [1mSELECT fk.referenced_table_name as 'to_table'
      ,fk.referenced_column_name as 'primary_key'
      ,fk.column_name as 'column'
      ,fk.constraint_name as 'name'
FROM information_schema.key_column_usage fk
WHERE fk.referenced_column_name is not null
  AND fk.table_schema = 'eldonenlinea_io_development'
  AND fk.table_name = 'customers'
[0m
  [1m[35m (0.1ms)[0m  SHOW CREATE TABLE `customers`
  [1m[36m (0.2ms)[0m  [1mSELECT fk.referenced_table_name as 'to_table'
      ,fk.referenced_column_name as 'primary_key'
      ,fk.column_name as 'column'
      ,fk.constraint_name as 'name'
FROM information_schema.key_column_usage fk
WHERE fk.referenced_column_name is not null
  AND fk.table_schema = 'eldonenlinea_io_development'
  AND fk.table_name = 'employees'
[0m
  [1m[35m (0.1ms)[0m  SHOW CREATE TABLE `employees`
  [1m[36m (0.3ms)[0m  [1mSELECT fk.referenced_table_name as 'to_table'
      ,fk.referenced_column_name as 'primary_key'
      ,fk.column_name as 'column'
      ,fk.constraint_name as 'name'
FROM information_schema.key_column_usage fk
WHERE fk.referenced_column_name is not null
  AND fk.table_schema = 'eldonenlinea_io_development'
  AND fk.table_name = 'restaurants'
[0m
  [1m[35m (0.1ms)[0m  SHOW CREATE TABLE `restaurants`
  [1m[36mActiveRecord::SchemaMigration Load (0.4ms)[0m  [1mSELECT `schema_migrations`.* FROM `schema_migrations`[0m
Migrating to CreateAddresses (20161018192002)
  [1m[35m (109.0ms)[0m  CREATE TABLE `addresses` (`id` int(11) auto_increment PRIMARY KEY, `street` varchar(255), `exterior_number` varchar(255), `interior_number` varchar(255), `area` varchar(255), `city` varchar(255), `state` varchar(255), `zip_code` varchar(255), `phone_number` varchar(255), `restaurant_id` int(11), `employee_id` int(11), `customer_id` int(11), `created_at` datetime NOT NULL, `updated_at` datetime NOT NULL,  INDEX `index_addresses_on_restaurant_id`  (`restaurant_id`) ,  INDEX `index_addresses_on_employee_id`  (`employee_id`) ,  INDEX `index_addresses_on_customer_id`  (`customer_id`) ) ENGINE=InnoDB
  [1m[36m (185.5ms)[0m  [1mALTER TABLE `addresses` ADD CONSTRAINT `fk_rails_9dfc86fbe0`
FOREIGN KEY (`restaurant_id`)
  REFERENCES `restaurants` (`id`)
[0m
  [1m[35m (193.2ms)[0m  ALTER TABLE `addresses` ADD CONSTRAINT `fk_rails_1c4d4ea1f4`
FOREIGN KEY (`employee_id`)
  REFERENCES `employees` (`id`)

  [1m[36m (187.4ms)[0m  [1mALTER TABLE `addresses` ADD CONSTRAINT `fk_rails_d5f9efddd3`
FOREIGN KEY (`customer_id`)
  REFERENCES `customers` (`id`)
[0m
  [1m[35m (0.2ms)[0m  BEGIN
  [1m[36mSQL (0.3ms)[0m  [1mINSERT INTO `schema_migrations` (`version`) VALUES ('20161018192002')[0m
  [1m[35m (0.4ms)[0m  COMMIT
  [1m[36mActiveRecord::SchemaMigration Load (0.2ms)[0m  [1mSELECT `schema_migrations`.* FROM `schema_migrations`[0m
  [1m[35m (0.3ms)[0m  SELECT fk.referenced_table_name as 'to_table'
      ,fk.referenced_column_name as 'primary_key'
      ,fk.column_name as 'column'
      ,fk.constraint_name as 'name'
FROM information_schema.key_column_usage fk
WHERE fk.referenced_column_name is not null
  AND fk.table_schema = 'eldonenlinea_io_development'
  AND fk.table_name = 'addresses'

  [1m[36m (0.2ms)[0m  [1mSHOW CREATE TABLE `addresses`[0m
  [1m[35m (0.3ms)[0m  SELECT fk.referenced_table_name as 'to_table'
      ,fk.referenced_column_name as 'primary_key'
      ,fk.column_name as 'column'
      ,fk.constraint_name as 'name'
FROM information_schema.key_column_usage fk
WHERE fk.referenced_column_name is not null
  AND fk.table_schema = 'eldonenlinea_io_development'
  AND fk.table_name = 'customers'

  [1m[36m (0.2ms)[0m  [1mSHOW CREATE TABLE `customers`[0m
  [1m[35m (0.2ms)[0m  SELECT fk.referenced_table_name as 'to_table'
      ,fk.referenced_column_name as 'primary_key'
      ,fk.column_name as 'column'
      ,fk.constraint_name as 'name'
FROM information_schema.key_column_usage fk
WHERE fk.referenced_column_name is not null
  AND fk.table_schema = 'eldonenlinea_io_development'
  AND fk.table_name = 'employees'

  [1m[36m (0.1ms)[0m  [1mSHOW CREATE TABLE `employees`[0m
  [1m[35m (0.2ms)[0m  SELECT fk.referenced_table_name as 'to_table'
      ,fk.referenced_column_name as 'primary_key'
      ,fk.column_name as 'column'
      ,fk.constraint_name as 'name'
FROM information_schema.key_column_usage fk
WHERE fk.referenced_column_name is not null
  AND fk.table_schema = 'eldonenlinea_io_development'
  AND fk.table_name = 'restaurants'

  [1m[36m (0.1ms)[0m  [1mSHOW CREATE TABLE `restaurants`[0m
  [1m[36mActiveRecord::SchemaMigration Load (0.4ms)[0m  [1mSELECT `schema_migrations`.* FROM `schema_migrations`[0m
Migrating to CreateOrders (20161018192547)
  [1m[35m (103.5ms)[0m  CREATE TABLE `orders` (`id` int(11) auto_increment PRIMARY KEY, `date` datetime, `amount` decimal, `customer_id` int(11), `employee_id` int(11), `created_at` datetime NOT NULL, `updated_at` datetime NOT NULL,  INDEX `index_orders_on_customer_id`  (`customer_id`) ,  INDEX `index_orders_on_employee_id`  (`employee_id`) ) ENGINE=InnoDB
  [1m[36m (216.1ms)[0m  [1mALTER TABLE `orders` ADD CONSTRAINT `fk_rails_3dad120da9`
FOREIGN KEY (`customer_id`)
  REFERENCES `customers` (`id`)
[0m
  [1m[35m (189.2ms)[0m  ALTER TABLE `orders` ADD CONSTRAINT `fk_rails_4608430842`
FOREIGN KEY (`employee_id`)
  REFERENCES `employees` (`id`)

  [1m[36m (0.2ms)[0m  [1mBEGIN[0m
  [1m[35mSQL (0.3ms)[0m  INSERT INTO `schema_migrations` (`version`) VALUES ('20161018192547')
  [1m[36m (0.6ms)[0m  [1mCOMMIT[0m
Migrating to CreateTorta (20161018192648)
  [1m[35m (175.7ms)[0m  CREATE TABLE `torta` (`id` int(11) auto_increment PRIMARY KEY, `name` varchar(255), `price` decimal, `created_at` datetime NOT NULL, `updated_at` datetime NOT NULL) ENGINE=InnoDB
  [1m[36m (0.2ms)[0m  [1mBEGIN[0m
  [1m[35mSQL (0.4ms)[0m  INSERT INTO `schema_migrations` (`version`) VALUES ('20161018192648')
  [1m[36m (0.7ms)[0m  [1mCOMMIT[0m
Migrating to CreateOrdersTorta (20161018192841)
  [1m[36mActiveRecord::SchemaMigration Load (0.4ms)[0m  [1mSELECT `schema_migrations`.* FROM `schema_migrations`[0m
Migrating to CreateOrdersTorta (20161018192841)
  [1m[35m (78.7ms)[0m  CREATE TABLE `orders_torta` (`tortum_id` int(11), `order_id` int(11),  INDEX `index_orders_torta_on_tortum_id`  (`tortum_id`) ,  INDEX `index_orders_torta_on_order_id`  (`order_id`) ) ENGINE=InnoDB
  [1m[36m (223.3ms)[0m  [1mALTER TABLE `orders_torta` ADD CONSTRAINT `fk_rails_017ad9b471`
FOREIGN KEY (`tortum_id`)
  REFERENCES `torta` (`id`)
[0m
  [1m[35m (195.5ms)[0m  ALTER TABLE `orders_torta` ADD CONSTRAINT `fk_rails_b741d6f6c6`
FOREIGN KEY (`order_id`)
  REFERENCES `orders` (`id`)

  [1m[36m (0.2ms)[0m  [1mBEGIN[0m
  [1m[35mSQL (0.3ms)[0m  INSERT INTO `schema_migrations` (`version`) VALUES ('20161018192841')
  [1m[36m (0.6ms)[0m  [1mCOMMIT[0m
  [1m[35mActiveRecord::SchemaMigration Load (0.2ms)[0m  SELECT `schema_migrations`.* FROM `schema_migrations`
  [1m[36m (0.3ms)[0m  [1mSELECT fk.referenced_table_name as 'to_table'
      ,fk.referenced_column_name as 'primary_key'
      ,fk.column_name as 'column'
      ,fk.constraint_name as 'name'
FROM information_schema.key_column_usage fk
WHERE fk.referenced_column_name is not null
  AND fk.table_schema = 'eldonenlinea_io_development'
  AND fk.table_name = 'addresses'
[0m
  [1m[35m (0.2ms)[0m  SHOW CREATE TABLE `addresses`
  [1m[36m (0.3ms)[0m  [1mSELECT fk.referenced_table_name as 'to_table'
      ,fk.referenced_column_name as 'primary_key'
      ,fk.column_name as 'column'
      ,fk.constraint_name as 'name'
FROM information_schema.key_column_usage fk
WHERE fk.referenced_column_name is not null
  AND fk.table_schema = 'eldonenlinea_io_development'
  AND fk.table_name = 'customers'
[0m
  [1m[35m (0.2ms)[0m  SHOW CREATE TABLE `customers`
  [1m[36m (0.3ms)[0m  [1mSELECT fk.referenced_table_name as 'to_table'
      ,fk.referenced_column_name as 'primary_key'
      ,fk.column_name as 'column'
      ,fk.constraint_name as 'name'
FROM information_schema.key_column_usage fk
WHERE fk.referenced_column_name is not null
  AND fk.table_schema = 'eldonenlinea_io_development'
  AND fk.table_name = 'employees'
[0m
  [1m[35m (0.1ms)[0m  SHOW CREATE TABLE `employees`
  [1m[36m (0.2ms)[0m  [1mSELECT fk.referenced_table_name as 'to_table'
      ,fk.referenced_column_name as 'primary_key'
      ,fk.column_name as 'column'
      ,fk.constraint_name as 'name'
FROM information_schema.key_column_usage fk
WHERE fk.referenced_column_name is not null
  AND fk.table_schema = 'eldonenlinea_io_development'
  AND fk.table_name = 'orders'
[0m
  [1m[35m (0.1ms)[0m  SHOW CREATE TABLE `orders`
  [1m[36m (0.3ms)[0m  [1mSELECT fk.referenced_table_name as 'to_table'
      ,fk.referenced_column_name as 'primary_key'
      ,fk.column_name as 'column'
      ,fk.constraint_name as 'name'
FROM information_schema.key_column_usage fk
WHERE fk.referenced_column_name is not null
  AND fk.table_schema = 'eldonenlinea_io_development'
  AND fk.table_name = 'orders_torta'
[0m
  [1m[35m (0.1ms)[0m  SHOW CREATE TABLE `orders_torta`
  [1m[36m (0.3ms)[0m  [1mSELECT fk.referenced_table_name as 'to_table'
      ,fk.referenced_column_name as 'primary_key'
      ,fk.column_name as 'column'
      ,fk.constraint_name as 'name'
FROM information_schema.key_column_usage fk
WHERE fk.referenced_column_name is not null
  AND fk.table_schema = 'eldonenlinea_io_development'
  AND fk.table_name = 'restaurants'
[0m
  [1m[35m (0.1ms)[0m  SHOW CREATE TABLE `restaurants`
  [1m[36m (0.2ms)[0m  [1mSELECT fk.referenced_table_name as 'to_table'
      ,fk.referenced_column_name as 'primary_key'
      ,fk.column_name as 'column'
      ,fk.constraint_name as 'name'
FROM information_schema.key_column_usage fk
WHERE fk.referenced_column_name is not null
  AND fk.table_schema = 'eldonenlinea_io_development'
  AND fk.table_name = 'torta'
[0m
  [1m[35m (0.1ms)[0m  SHOW CREATE TABLE `torta`
  [1m[36mActiveRecord::SchemaMigration Load (0.6ms)[0m  [1mSELECT `schema_migrations`.* FROM `schema_migrations`[0m
Migrating to CreateIngredients (20161018193319)
  [1m[35m (132.2ms)[0m  CREATE TABLE `ingredients` (`id` int(11) auto_increment PRIMARY KEY, `name` varchar(255), `stock` int(11), `created_at` datetime NOT NULL, `updated_at` datetime NOT NULL) ENGINE=InnoDB
  [1m[36m (0.3ms)[0m  [1mBEGIN[0m
  [1m[35mSQL (0.3ms)[0m  INSERT INTO `schema_migrations` (`version`) VALUES ('20161018193319')
  [1m[36m (0.5ms)[0m  [1mCOMMIT[0m
Migrating to CreateTortaIngredients (20161018193419)
  [1m[35m (172.6ms)[0m  CREATE TABLE `torta_ingredients` (`id` int(11) auto_increment PRIMARY KEY, `ingredient_id` int(11), `tortum_id` int(11),  INDEX `index_torta_ingredients_on_ingredient_id`  (`ingredient_id`) ,  INDEX `index_torta_ingredients_on_tortum_id`  (`tortum_id`) ) ENGINE=InnoDB
  [1m[36m (186.3ms)[0m  [1mALTER TABLE `torta_ingredients` ADD CONSTRAINT `fk_rails_13b7e44364`
FOREIGN KEY (`ingredient_id`)
  REFERENCES `ingredients` (`id`)
[0m
  [1m[35m (199.9ms)[0m  ALTER TABLE `torta_ingredients` ADD CONSTRAINT `fk_rails_7a345a20a3`
FOREIGN KEY (`tortum_id`)
  REFERENCES `torta` (`id`)

  [1m[36m (0.2ms)[0m  [1mBEGIN[0m
  [1m[35mSQL (0.2ms)[0m  INSERT INTO `schema_migrations` (`version`) VALUES ('20161018193419')
  [1m[36m (0.5ms)[0m  [1mCOMMIT[0m
  [1m[35mActiveRecord::SchemaMigration Load (0.2ms)[0m  SELECT `schema_migrations`.* FROM `schema_migrations`
  [1m[36m (0.2ms)[0m  [1mSELECT fk.referenced_table_name as 'to_table'
      ,fk.referenced_column_name as 'primary_key'
      ,fk.column_name as 'column'
      ,fk.constraint_name as 'name'
FROM information_schema.key_column_usage fk
WHERE fk.referenced_column_name is not null
  AND fk.table_schema = 'eldonenlinea_io_development'
  AND fk.table_name = 'addresses'
[0m
  [1m[35m (0.2ms)[0m  SHOW CREATE TABLE `addresses`
  [1m[36m (0.3ms)[0m  [1mSELECT fk.referenced_table_name as 'to_table'
      ,fk.referenced_column_name as 'primary_key'
      ,fk.column_name as 'column'
      ,fk.constraint_name as 'name'
FROM information_schema.key_column_usage fk
WHERE fk.referenced_column_name is not null
  AND fk.table_schema = 'eldonenlinea_io_development'
  AND fk.table_name = 'customers'
[0m
  [1m[35m (0.2ms)[0m  SHOW CREATE TABLE `customers`
  [1m[36m (0.3ms)[0m  [1mSELECT fk.referenced_table_name as 'to_table'
      ,fk.referenced_column_name as 'primary_key'
      ,fk.column_name as 'column'
      ,fk.constraint_name as 'name'
FROM information_schema.key_column_usage fk
WHERE fk.referenced_column_name is not null
  AND fk.table_schema = 'eldonenlinea_io_development'
  AND fk.table_name = 'employees'
[0m
  [1m[35m (0.1ms)[0m  SHOW CREATE TABLE `employees`
  [1m[36m (0.2ms)[0m  [1mSELECT fk.referenced_table_name as 'to_table'
      ,fk.referenced_column_name as 'primary_key'
      ,fk.column_name as 'column'
      ,fk.constraint_name as 'name'
FROM information_schema.key_column_usage fk
WHERE fk.referenced_column_name is not null
  AND fk.table_schema = 'eldonenlinea_io_development'
  AND fk.table_name = 'ingredients'
[0m
  [1m[35m (0.1ms)[0m  SHOW CREATE TABLE `ingredients`
  [1m[36m (0.2ms)[0m  [1mSELECT fk.referenced_table_name as 'to_table'
      ,fk.referenced_column_name as 'primary_key'
      ,fk.column_name as 'column'
      ,fk.constraint_name as 'name'
FROM information_schema.key_column_usage fk
WHERE fk.referenced_column_name is not null
  AND fk.table_schema = 'eldonenlinea_io_development'
  AND fk.table_name = 'orders'
[0m
  [1m[35m (0.2ms)[0m  SHOW CREATE TABLE `orders`
  [1m[36m (0.3ms)[0m  [1mSELECT fk.referenced_table_name as 'to_table'
      ,fk.referenced_column_name as 'primary_key'
      ,fk.column_name as 'column'
      ,fk.constraint_name as 'name'
FROM information_schema.key_column_usage fk
WHERE fk.referenced_column_name is not null
  AND fk.table_schema = 'eldonenlinea_io_development'
  AND fk.table_name = 'orders_torta'
[0m
  [1m[35m (0.2ms)[0m  SHOW CREATE TABLE `orders_torta`
  [1m[36m (0.3ms)[0m  [1mSELECT fk.referenced_table_name as 'to_table'
      ,fk.referenced_column_name as 'primary_key'
      ,fk.column_name as 'column'
      ,fk.constraint_name as 'name'
FROM information_schema.key_column_usage fk
WHERE fk.referenced_column_name is not null
  AND fk.table_schema = 'eldonenlinea_io_development'
  AND fk.table_name = 'restaurants'
[0m
  [1m[35m (0.1ms)[0m  SHOW CREATE TABLE `restaurants`
  [1m[36m (0.2ms)[0m  [1mSELECT fk.referenced_table_name as 'to_table'
      ,fk.referenced_column_name as 'primary_key'
      ,fk.column_name as 'column'
      ,fk.constraint_name as 'name'
FROM information_schema.key_column_usage fk
WHERE fk.referenced_column_name is not null
  AND fk.table_schema = 'eldonenlinea_io_development'
  AND fk.table_name = 'torta'
[0m
  [1m[35m (0.1ms)[0m  SHOW CREATE TABLE `torta`
  [1m[36m (0.2ms)[0m  [1mSELECT fk.referenced_table_name as 'to_table'
      ,fk.referenced_column_name as 'primary_key'
      ,fk.column_name as 'column'
      ,fk.constraint_name as 'name'
FROM information_schema.key_column_usage fk
WHERE fk.referenced_column_name is not null
  AND fk.table_schema = 'eldonenlinea_io_development'
  AND fk.table_name = 'torta_ingredients'
[0m
  [1m[35m (0.1ms)[0m  SHOW CREATE TABLE `torta_ingredients`
  [1m[36mActiveRecord::SchemaMigration Load (0.4ms)[0m  [1mSELECT `schema_migrations`.* FROM `schema_migrations`[0m
  [1m[35mActiveRecord::SchemaMigration Load (0.3ms)[0m  SELECT `schema_migrations`.* FROM `schema_migrations`
  [1m[36m (0.3ms)[0m  [1mSELECT fk.referenced_table_name as 'to_table'
      ,fk.referenced_column_name as 'primary_key'
      ,fk.column_name as 'column'
      ,fk.constraint_name as 'name'
FROM information_schema.key_column_usage fk
WHERE fk.referenced_column_name is not null
  AND fk.table_schema = 'eldonenlinea_io_development'
  AND fk.table_name = 'addresses'
[0m
  [1m[35m (0.2ms)[0m  SHOW CREATE TABLE `addresses`
  [1m[36m (0.2ms)[0m  [1mSELECT fk.referenced_table_name as 'to_table'
      ,fk.referenced_column_name as 'primary_key'
      ,fk.column_name as 'column'
      ,fk.constraint_name as 'name'
FROM information_schema.key_column_usage fk
WHERE fk.referenced_column_name is not null
  AND fk.table_schema = 'eldonenlinea_io_development'
  AND fk.table_name = 'customers'
[0m
  [1m[35m (0.2ms)[0m  SHOW CREATE TABLE `customers`
  [1m[36m (0.2ms)[0m  [1mSELECT fk.referenced_table_name as 'to_table'
      ,fk.referenced_column_name as 'primary_key'
      ,fk.column_name as 'column'
      ,fk.constraint_name as 'name'
FROM information_schema.key_column_usage fk
WHERE fk.referenced_column_name is not null
  AND fk.table_schema = 'eldonenlinea_io_development'
  AND fk.table_name = 'employees'
[0m
  [1m[35m (0.1ms)[0m  SHOW CREATE TABLE `employees`
  [1m[36m (0.2ms)[0m  [1mSELECT fk.referenced_table_name as 'to_table'
      ,fk.referenced_column_name as 'primary_key'
      ,fk.column_name as 'column'
      ,fk.constraint_name as 'name'
FROM information_schema.key_column_usage fk
WHERE fk.referenced_column_name is not null
  AND fk.table_schema = 'eldonenlinea_io_development'
  AND fk.table_name = 'ingredients'
[0m
  [1m[35m (0.1ms)[0m  SHOW CREATE TABLE `ingredients`
  [1m[36m (0.2ms)[0m  [1mSELECT fk.referenced_table_name as 'to_table'
      ,fk.referenced_column_name as 'primary_key'
      ,fk.column_name as 'column'
      ,fk.constraint_name as 'name'
FROM information_schema.key_column_usage fk
WHERE fk.referenced_column_name is not null
  AND fk.table_schema = 'eldonenlinea_io_development'
  AND fk.table_name = 'orders'
[0m
  [1m[35m (0.1ms)[0m  SHOW CREATE TABLE `orders`
  [1m[36m (0.3ms)[0m  [1mSELECT fk.referenced_table_name as 'to_table'
      ,fk.referenced_column_name as 'primary_key'
      ,fk.column_name as 'column'
      ,fk.constraint_name as 'name'
FROM information_schema.key_column_usage fk
WHERE fk.referenced_column_name is not null
  AND fk.table_schema = 'eldonenlinea_io_development'
  AND fk.table_name = 'orders_torta'
[0m
  [1m[35m (0.1ms)[0m  SHOW CREATE TABLE `orders_torta`
  [1m[36m (0.3ms)[0m  [1mSELECT fk.referenced_table_name as 'to_table'
      ,fk.referenced_column_name as 'primary_key'
      ,fk.column_name as 'column'
      ,fk.constraint_name as 'name'
FROM information_schema.key_column_usage fk
WHERE fk.referenced_column_name is not null
  AND fk.table_schema = 'eldonenlinea_io_development'
  AND fk.table_name = 'restaurants'
[0m
  [1m[35m (0.1ms)[0m  SHOW CREATE TABLE `restaurants`
  [1m[36m (0.2ms)[0m  [1mSELECT fk.referenced_table_name as 'to_table'
      ,fk.referenced_column_name as 'primary_key'
      ,fk.column_name as 'column'
      ,fk.constraint_name as 'name'
FROM information_schema.key_column_usage fk
WHERE fk.referenced_column_name is not null
  AND fk.table_schema = 'eldonenlinea_io_development'
  AND fk.table_name = 'torta'
[0m
  [1m[35m (0.1ms)[0m  SHOW CREATE TABLE `torta`
  [1m[36m (0.2ms)[0m  [1mSELECT fk.referenced_table_name as 'to_table'
      ,fk.referenced_column_name as 'primary_key'
      ,fk.column_name as 'column'
      ,fk.constraint_name as 'name'
FROM information_schema.key_column_usage fk
WHERE fk.referenced_column_name is not null
  AND fk.table_schema = 'eldonenlinea_io_development'
  AND fk.table_name = 'torta_ingredients'
[0m
  [1m[35m (0.1ms)[0m  SHOW CREATE TABLE `torta_ingredients`
  [1m[36mActiveRecord::SchemaMigration Load (0.6ms)[0m  [1mSELECT `schema_migrations`.* FROM `schema_migrations`[0m
  [1m[35mActiveRecord::SchemaMigration Load (0.5ms)[0m  SELECT `schema_migrations`.* FROM `schema_migrations`
  [1m[36m (0.2ms)[0m  [1mSELECT fk.referenced_table_name as 'to_table'
      ,fk.referenced_column_name as 'primary_key'
      ,fk.column_name as 'column'
      ,fk.constraint_name as 'name'
FROM information_schema.key_column_usage fk
WHERE fk.referenced_column_name is not null
  AND fk.table_schema = 'eldonenlinea_io_development'
  AND fk.table_name = 'addresses'
[0m
  [1m[35m (0.2ms)[0m  SHOW CREATE TABLE `addresses`
  [1m[36m (0.3ms)[0m  [1mSELECT fk.referenced_table_name as 'to_table'
      ,fk.referenced_column_name as 'primary_key'
      ,fk.column_name as 'column'
      ,fk.constraint_name as 'name'
FROM information_schema.key_column_usage fk
WHERE fk.referenced_column_name is not null
  AND fk.table_schema = 'eldonenlinea_io_development'
  AND fk.table_name = 'customers'
[0m
  [1m[35m (0.2ms)[0m  SHOW CREATE TABLE `customers`
  [1m[36m (0.3ms)[0m  [1mSELECT fk.referenced_table_name as 'to_table'
      ,fk.referenced_column_name as 'primary_key'
      ,fk.column_name as 'column'
      ,fk.constraint_name as 'name'
FROM information_schema.key_column_usage fk
WHERE fk.referenced_column_name is not null
  AND fk.table_schema = 'eldonenlinea_io_development'
  AND fk.table_name = 'employees'
[0m
  [1m[35m (0.3ms)[0m  SHOW CREATE TABLE `employees`
  [1m[36m (0.4ms)[0m  [1mSELECT fk.referenced_table_name as 'to_table'
      ,fk.referenced_column_name as 'primary_key'
      ,fk.column_name as 'column'
      ,fk.constraint_name as 'name'
FROM information_schema.key_column_usage fk
WHERE fk.referenced_column_name is not null
  AND fk.table_schema = 'eldonenlinea_io_development'
  AND fk.table_name = 'ingredients'
[0m
  [1m[35m (0.2ms)[0m  SHOW CREATE TABLE `ingredients`
  [1m[36m (0.2ms)[0m  [1mSELECT fk.referenced_table_name as 'to_table'
      ,fk.referenced_column_name as 'primary_key'
      ,fk.column_name as 'column'
      ,fk.constraint_name as 'name'
FROM information_schema.key_column_usage fk
WHERE fk.referenced_column_name is not null
  AND fk.table_schema = 'eldonenlinea_io_development'
  AND fk.table_name = 'orders'
[0m
  [1m[35m (0.1ms)[0m  SHOW CREATE TABLE `orders`
  [1m[36m (0.3ms)[0m  [1mSELECT fk.referenced_table_name as 'to_table'
      ,fk.referenced_column_name as 'primary_key'
      ,fk.column_name as 'column'
      ,fk.constraint_name as 'name'
FROM information_schema.key_column_usage fk
WHERE fk.referenced_column_name is not null
  AND fk.table_schema = 'eldonenlinea_io_development'
  AND fk.table_name = 'orders_torta'
[0m
  [1m[35m (0.1ms)[0m  SHOW CREATE TABLE `orders_torta`
  [1m[36m (0.3ms)[0m  [1mSELECT fk.referenced_table_name as 'to_table'
      ,fk.referenced_column_name as 'primary_key'
      ,fk.column_name as 'column'
      ,fk.constraint_name as 'name'
FROM information_schema.key_column_usage fk
WHERE fk.referenced_column_name is not null
  AND fk.table_schema = 'eldonenlinea_io_development'
  AND fk.table_name = 'restaurants'
[0m
  [1m[35m (0.2ms)[0m  SHOW CREATE TABLE `restaurants`
  [1m[36m (0.2ms)[0m  [1mSELECT fk.referenced_table_name as 'to_table'
      ,fk.referenced_column_name as 'primary_key'
      ,fk.column_name as 'column'
      ,fk.constraint_name as 'name'
FROM information_schema.key_column_usage fk
WHERE fk.referenced_column_name is not null
  AND fk.table_schema = 'eldonenlinea_io_development'
  AND fk.table_name = 'torta'
[0m
  [1m[35m (0.1ms)[0m  SHOW CREATE TABLE `torta`
  [1m[36mActiveRecord::SchemaMigration Load (0.4ms)[0m  [1mSELECT `schema_migrations`.* FROM `schema_migrations`[0m
Migrating to CreateTortaIngredients (20161018193738)
  [1m[35m (114.6ms)[0m  CREATE TABLE `torta_ingredients` (`ingredient_id` int(11), `tortum_id` int(11),  INDEX `index_torta_ingredients_on_ingredient_id`  (`ingredient_id`) ,  INDEX `index_torta_ingredients_on_tortum_id`  (`tortum_id`) ) ENGINE=InnoDB
  [1m[36m (241.4ms)[0m  [1mALTER TABLE `torta_ingredients` ADD CONSTRAINT `fk_rails_13b7e44364`
FOREIGN KEY (`ingredient_id`)
  REFERENCES `ingredients` (`id`)
[0m
  [1m[35m (189.7ms)[0m  ALTER TABLE `torta_ingredients` ADD CONSTRAINT `fk_rails_7a345a20a3`
FOREIGN KEY (`tortum_id`)
  REFERENCES `torta` (`id`)

  [1m[36m (0.2ms)[0m  [1mBEGIN[0m
  [1m[35mSQL (0.3ms)[0m  INSERT INTO `schema_migrations` (`version`) VALUES ('20161018193738')
  [1m[36m (0.6ms)[0m  [1mCOMMIT[0m
  [1m[35mActiveRecord::SchemaMigration Load (0.3ms)[0m  SELECT `schema_migrations`.* FROM `schema_migrations`
  [1m[36m (0.2ms)[0m  [1mSELECT fk.referenced_table_name as 'to_table'
      ,fk.referenced_column_name as 'primary_key'
      ,fk.column_name as 'column'
      ,fk.constraint_name as 'name'
FROM information_schema.key_column_usage fk
WHERE fk.referenced_column_name is not null
  AND fk.table_schema = 'eldonenlinea_io_development'
  AND fk.table_name = 'addresses'
[0m
  [1m[35m (0.2ms)[0m  SHOW CREATE TABLE `addresses`
  [1m[36m (0.3ms)[0m  [1mSELECT fk.referenced_table_name as 'to_table'
      ,fk.referenced_column_name as 'primary_key'
      ,fk.column_name as 'column'
      ,fk.constraint_name as 'name'
FROM information_schema.key_column_usage fk
WHERE fk.referenced_column_name is not null
  AND fk.table_schema = 'eldonenlinea_io_development'
  AND fk.table_name = 'customers'
[0m
  [1m[35m (0.2ms)[0m  SHOW CREATE TABLE `customers`
  [1m[36m (0.3ms)[0m  [1mSELECT fk.referenced_table_name as 'to_table'
      ,fk.referenced_column_name as 'primary_key'
      ,fk.column_name as 'column'
      ,fk.constraint_name as 'name'
FROM information_schema.key_column_usage fk
WHERE fk.referenced_column_name is not null
  AND fk.table_schema = 'eldonenlinea_io_development'
  AND fk.table_name = 'employees'
[0m
  [1m[35m (0.2ms)[0m  SHOW CREATE TABLE `employees`
  [1m[36m (0.3ms)[0m  [1mSELECT fk.referenced_table_name as 'to_table'
      ,fk.referenced_column_name as 'primary_key'
      ,fk.column_name as 'column'
      ,fk.constraint_name as 'name'
FROM information_schema.key_column_usage fk
WHERE fk.referenced_column_name is not null
  AND fk.table_schema = 'eldonenlinea_io_development'
  AND fk.table_name = 'ingredients'
[0m
  [1m[35m (0.1ms)[0m  SHOW CREATE TABLE `ingredients`
  [1m[36m (0.2ms)[0m  [1mSELECT fk.referenced_table_name as 'to_table'
      ,fk.referenced_column_name as 'primary_key'
      ,fk.column_name as 'column'
      ,fk.constraint_name as 'name'
FROM information_schema.key_column_usage fk
WHERE fk.referenced_column_name is not null
  AND fk.table_schema = 'eldonenlinea_io_development'
  AND fk.table_name = 'orders'
[0m
  [1m[35m (0.1ms)[0m  SHOW CREATE TABLE `orders`
  [1m[36m (0.3ms)[0m  [1mSELECT fk.referenced_table_name as 'to_table'
      ,fk.referenced_column_name as 'primary_key'
      ,fk.column_name as 'column'
      ,fk.constraint_name as 'name'
FROM information_schema.key_column_usage fk
WHERE fk.referenced_column_name is not null
  AND fk.table_schema = 'eldonenlinea_io_development'
  AND fk.table_name = 'orders_torta'
[0m
  [1m[35m (0.1ms)[0m  SHOW CREATE TABLE `orders_torta`
  [1m[36m (0.2ms)[0m  [1mSELECT fk.referenced_table_name as 'to_table'
      ,fk.referenced_column_name as 'primary_key'
      ,fk.column_name as 'column'
      ,fk.constraint_name as 'name'
FROM information_schema.key_column_usage fk
WHERE fk.referenced_column_name is not null
  AND fk.table_schema = 'eldonenlinea_io_development'
  AND fk.table_name = 'restaurants'
[0m
  [1m[35m (0.1ms)[0m  SHOW CREATE TABLE `restaurants`
  [1m[36m (0.2ms)[0m  [1mSELECT fk.referenced_table_name as 'to_table'
      ,fk.referenced_column_name as 'primary_key'
      ,fk.column_name as 'column'
      ,fk.constraint_name as 'name'
FROM information_schema.key_column_usage fk
WHERE fk.referenced_column_name is not null
  AND fk.table_schema = 'eldonenlinea_io_development'
  AND fk.table_name = 'torta'
[0m
  [1m[35m (0.2ms)[0m  SHOW CREATE TABLE `torta`
  [1m[36m (0.5ms)[0m  [1mSELECT fk.referenced_table_name as 'to_table'
      ,fk.referenced_column_name as 'primary_key'
      ,fk.column_name as 'column'
      ,fk.constraint_name as 'name'
FROM information_schema.key_column_usage fk
WHERE fk.referenced_column_name is not null
  AND fk.table_schema = 'eldonenlinea_io_development'
  AND fk.table_name = 'torta_ingredients'
[0m
  [1m[35m (0.3ms)[0m  SHOW CREATE TABLE `torta_ingredients`
